2025-05-29 13:56:27 [INFO] Logging directory: tuning_logs/logs
2025-05-29 13:56:34 [INFO] LocalBuilder: max_workers = 16
2025-05-29 13:56:34 [INFO] LocalRunner: max_workers = 1
2025-05-29 13:56:34 [INFO] [task_scheduler.cc:161] Initializing Task #0: "fused_matmul_add13"
2025-05-29 13:56:34 [INFO] [task_scheduler.cc:161] Initializing Task #1: "reshape"
2025-05-29 13:56:34 [INFO] [task_scheduler.cc:161] Initializing Task #2: "fused_conv2d_subtract_divide_expand_dims_multiply_expand_dims_add1_relu"
2025-05-29 13:56:34 [INFO] [task_scheduler.cc:161] Initializing Task #3: "adaptive_avg_pool2d"
2025-05-29 13:56:35 [INFO] [task_scheduler.cc:161] Initializing Task #4: "fused_conv2d8_subtract4_divide4_expand_dims3_multiply4_expand_dims3_add11_relu4"
2025-05-29 13:56:35 [INFO] [task_scheduler.cc:161] Initializing Task #5: "fused_conv2d9_subtract4_divide4_expand_dims3_multiply4_expand_dims3_add11_add12_relu4"
2025-05-29 13:56:35 [INFO] [task_scheduler.cc:161] Initializing Task #6: "max_pool2d"
2025-05-29 13:56:35 [INFO] [task_scheduler.cc:161] Initializing Task #7: "fused_conv2d3_subtract2_divide2_expand_dims1_multiply2_expand_dims1_add5_add6_relu2"
2025-05-29 13:56:36 [INFO] [task_scheduler.cc:161] Initializing Task #8: "fused_conv2d10_subtract4_divide4_expand_dims3_multiply4_expand_dims3_add11"
2025-05-29 13:56:36 [INFO] [task_scheduler.cc:161] Initializing Task #9: "fused_conv2d6_subtract3_divide3_expand_dims2_multiply3_expand_dims2_add8_add9_relu3"
2025-05-29 13:56:37 [INFO] [task_scheduler.cc:161] Initializing Task #10: "transpose"
2025-05-29 13:56:37 [INFO] [task_scheduler.cc:161] Initializing Task #11: "fused_conv2d1_subtract1_divide1_expand_dims_multiply1_expand_dims_add2_relu1"
2025-05-29 13:56:37 [INFO] [task_scheduler.cc:161] Initializing Task #12: "fused_conv2d1_subtract1_divide1_expand_dims_multiply1_expand_dims_add2_add3_relu1"
2025-05-29 13:56:37 [INFO] [task_scheduler.cc:161] Initializing Task #13: "fused_conv2d7_subtract3_divide3_expand_dims2_multiply3_expand_dims2_add8"
2025-05-29 13:56:38 [INFO] [task_scheduler.cc:161] Initializing Task #14: "fused_conv2d2_subtract2_divide2_expand_dims1_multiply2_expand_dims1_add5_relu2"
2025-05-29 13:56:38 [INFO] [task_scheduler.cc:161] Initializing Task #15: "fused_conv2d4_subtract2_divide2_expand_dims1_multiply2_expand_dims1_add5"
2025-05-29 13:56:38 [INFO] [task_scheduler.cc:161] Initializing Task #16: "fused_conv2d3_subtract2_divide2_expand_dims1_multiply2_expand_dims1_add5_relu2"
2025-05-29 13:56:39 [INFO] [task_scheduler.cc:161] Initializing Task #17: "fused_conv2d9_subtract4_divide4_expand_dims3_multiply4_expand_dims3_add11_relu4"
2025-05-29 13:56:39 [INFO] [task_scheduler.cc:161] Initializing Task #18: "fused_conv2d5_subtract3_divide3_expand_dims2_multiply3_expand_dims2_add8_relu3"
2025-05-29 13:56:40 [INFO] [task_scheduler.cc:161] Initializing Task #19: "fused_conv2d6_subtract3_divide3_expand_dims2_multiply3_expand_dims2_add8_relu3"
2025-05-29 13:56:40 [INFO] [task_scheduler.cc:186] TaskScheduler picks Task #0: "fused_matmul_add13"
2025-05-29 13:56:57 [INFO] [task_scheduler.cc:199] Sending 64 sample(s) to builder
2025-05-29 13:57:00 [INFO] [task_scheduler.cc:201] Sending 64 sample(s) to runner
2025-05-29 13:57:17 [DEBUG] XGB iter   0: tr-p-rmse: 0.543165	tr-a-peak@32: 1.000000	tr-rmse: 0.299913	tr-rmse: 0.299913
2025-05-29 13:57:17 [DEBUG] XGB iter  25: tr-p-rmse: 0.147767	tr-a-peak@32: 1.000000	tr-rmse: 0.351666	tr-rmse: 0.351666
2025-05-29 13:57:17 [DEBUG] XGB iter  50: tr-p-rmse: 0.147767	tr-a-peak@32: 1.000000	tr-rmse: 0.351666	tr-rmse: 0.351666
2025-05-29 13:57:17 [DEBUG] XGB stopped. Best iteration: [10] tr-p-rmse:0.14777	tr-a-peak@32:1.00000	tr-rmse:0.35167	tr-rmse:0.35167 
2025-05-29 13:57:17 [INFO] [task_scheduler.cc:245] [Updated] Task #0: "fused_matmul_add13"
2025-05-29 13:57:17 [INFO] [task_scheduler.cc:328] 
 ID |                                                                                  Name |      FLOP | Weight | Speed (GFLOPS) | Latency (us) | Weighted Latency (us) | Trials | Done 
-----------------------------------------------------------------------------------------------------------------------------------------------------------------------------------------
  0 |                                                                    fused_matmul_add13 |   1025000 |      1 |       179.5441 |       5.7089 |                5.7089 |     64 |      
  1 |                                                                               reshape |         1 |      1 |            N/A |          N/A |                   N/A |      0 |      
  2 |               fused_conv2d_subtract_divide_expand_dims_multiply_expand_dims_add1_relu | 240041984 |      1 |            N/A |          N/A |                   N/A |      0 |      
  3 |                                                                   adaptive_avg_pool2d |     25600 |      1 |            N/A |          N/A |                   N/A |      0 |      
  4 |       fused_conv2d8_subtract4_divide4_expand_dims3_multiply4_expand_dims3_add11_relu4 | 115730944 |      1 |            N/A |          N/A |                   N/A |      0 |      
  5 | fused_conv2d9_subtract4_divide4_expand_dims3_multiply4_expand_dims3_add11_add12_relu4 | 231361536 |      2 |            N/A |          N/A |                   N/A |      0 |      
  6 |                                                                            max_pool2d |   1806336 |      1 |            N/A |          N/A |                   N/A |      0 |      
  7 |   fused_conv2d3_subtract2_divide2_expand_dims1_multiply2_expand_dims1_add5_add6_relu2 | 231813120 |      2 |            N/A |          N/A |                   N/A |      0 |      
  8 |            fused_conv2d10_subtract4_divide4_expand_dims3_multiply4_expand_dims3_add11 |  12945408 |      1 |            N/A |          N/A |                   N/A |      0 |      
  9 |   fused_conv2d6_subtract3_divide3_expand_dims2_multiply3_expand_dims2_add8_add9_relu3 | 231512064 |      2 |            N/A |          N/A |                   N/A |      0 |      
 10 |                                                                             transpose |         1 |      1 |            N/A |          N/A |                   N/A |      0 |      
 11 |          fused_conv2d1_subtract1_divide1_expand_dims_multiply1_expand_dims_add2_relu1 | 232214528 |      2 |            N/A |          N/A |                   N/A |      0 |      
 12 |     fused_conv2d1_subtract1_divide1_expand_dims_multiply1_expand_dims_add2_add3_relu1 | 232415232 |      2 |            N/A |          N/A |                   N/A |      0 |      
 13 |              fused_conv2d7_subtract3_divide3_expand_dims2_multiply3_expand_dims2_add8 |  13045760 |      1 |            N/A |          N/A |                   N/A |      0 |      
 14 |        fused_conv2d2_subtract2_divide2_expand_dims1_multiply2_expand_dims1_add5_relu2 | 116107264 |      1 |            N/A |          N/A |                   N/A |      0 |      
 15 |              fused_conv2d4_subtract2_divide2_expand_dims1_multiply2_expand_dims1_add5 |  13246464 |      1 |            N/A |          N/A |                   N/A |      0 |      
 16 |        fused_conv2d3_subtract2_divide2_expand_dims1_multiply2_expand_dims1_add5_relu2 | 231712768 |      1 |            N/A |          N/A |                   N/A |      0 |      
 17 |       fused_conv2d9_subtract4_divide4_expand_dims3_multiply4_expand_dims3_add11_relu4 | 231336448 |      1 |            N/A |          N/A |                   N/A |      0 |      
 18 |        fused_conv2d5_subtract3_divide3_expand_dims2_multiply3_expand_dims2_add8_relu3 | 115856384 |      1 |            N/A |          N/A |                   N/A |      0 |      
 19 |        fused_conv2d6_subtract3_divide3_expand_dims2_multiply3_expand_dims2_add8_relu3 | 231461888 |      1 |            N/A |          N/A |                   N/A |      0 |      
-----------------------------------------------------------------------------------------------------------------------------------------------------------------------------------------
Total trials: 64
Total latency (us): 5.7089

2025-05-29 13:57:17 [INFO] [task_scheduler.cc:186] TaskScheduler picks Task #1: "reshape"
2025-05-29 13:57:18 [INFO] [task_scheduler.cc:199] Sending 5 sample(s) to builder
2025-05-29 13:57:19 [INFO] [task_scheduler.cc:201] Sending 5 sample(s) to runner
2025-05-29 13:57:20 [INFO] [task_scheduler.cc:245] [Updated] Task #1: "reshape"
2025-05-29 13:57:20 [INFO] [task_scheduler.cc:328] 
 ID |                                                                                  Name |      FLOP | Weight | Speed (GFLOPS) | Latency (us) | Weighted Latency (us) | Trials | Done 
-----------------------------------------------------------------------------------------------------------------------------------------------------------------------------------------
  0 |                                                                    fused_matmul_add13 |   1025000 |      1 |       179.5441 |       5.7089 |                5.7089 |     64 |      
  1 |                                                                               reshape |         1 |      1 |         0.0007 |       1.4224 |                1.4224 |      5 |      
  2 |               fused_conv2d_subtract_divide_expand_dims_multiply_expand_dims_add1_relu | 240041984 |      1 |            N/A |          N/A |                   N/A |      0 |      
  3 |                                                                   adaptive_avg_pool2d |     25600 |      1 |            N/A |          N/A |                   N/A |      0 |      
  4 |       fused_conv2d8_subtract4_divide4_expand_dims3_multiply4_expand_dims3_add11_relu4 | 115730944 |      1 |            N/A |          N/A |                   N/A |      0 |      
  5 | fused_conv2d9_subtract4_divide4_expand_dims3_multiply4_expand_dims3_add11_add12_relu4 | 231361536 |      2 |            N/A |          N/A |                   N/A |      0 |      
  6 |                                                                            max_pool2d |   1806336 |      1 |            N/A |          N/A |                   N/A |      0 |      
  7 |   fused_conv2d3_subtract2_divide2_expand_dims1_multiply2_expand_dims1_add5_add6_relu2 | 231813120 |      2 |            N/A |          N/A |                   N/A |      0 |      
  8 |            fused_conv2d10_subtract4_divide4_expand_dims3_multiply4_expand_dims3_add11 |  12945408 |      1 |            N/A |          N/A |                   N/A |      0 |      
  9 |   fused_conv2d6_subtract3_divide3_expand_dims2_multiply3_expand_dims2_add8_add9_relu3 | 231512064 |      2 |            N/A |          N/A |                   N/A |      0 |      
 10 |                                                                             transpose |         1 |      1 |            N/A |          N/A |                   N/A |      0 |      
 11 |          fused_conv2d1_subtract1_divide1_expand_dims_multiply1_expand_dims_add2_relu1 | 232214528 |      2 |            N/A |          N/A |                   N/A |      0 |      
 12 |     fused_conv2d1_subtract1_divide1_expand_dims_multiply1_expand_dims_add2_add3_relu1 | 232415232 |      2 |            N/A |          N/A |                   N/A |      0 |      
 13 |              fused_conv2d7_subtract3_divide3_expand_dims2_multiply3_expand_dims2_add8 |  13045760 |      1 |            N/A |          N/A |                   N/A |      0 |      
 14 |        fused_conv2d2_subtract2_divide2_expand_dims1_multiply2_expand_dims1_add5_relu2 | 116107264 |      1 |            N/A |          N/A |                   N/A |      0 |      
 15 |              fused_conv2d4_subtract2_divide2_expand_dims1_multiply2_expand_dims1_add5 |  13246464 |      1 |            N/A |          N/A |                   N/A |      0 |      
 16 |        fused_conv2d3_subtract2_divide2_expand_dims1_multiply2_expand_dims1_add5_relu2 | 231712768 |      1 |            N/A |          N/A |                   N/A |      0 |      
 17 |       fused_conv2d9_subtract4_divide4_expand_dims3_multiply4_expand_dims3_add11_relu4 | 231336448 |      1 |            N/A |          N/A |                   N/A |      0 |      
 18 |        fused_conv2d5_subtract3_divide3_expand_dims2_multiply3_expand_dims2_add8_relu3 | 115856384 |      1 |            N/A |          N/A |                   N/A |      0 |      
 19 |        fused_conv2d6_subtract3_divide3_expand_dims2_multiply3_expand_dims2_add8_relu3 | 231461888 |      1 |            N/A |          N/A |                   N/A |      0 |      
-----------------------------------------------------------------------------------------------------------------------------------------------------------------------------------------
Total trials: 69
Total latency (us): 7.13131

2025-05-29 13:57:20 [INFO] [task_scheduler.cc:186] TaskScheduler picks Task #2: "fused_conv2d_subtract_divide_expand_dims_multiply_expand_dims_add1_relu"
2025-05-29 13:58:26 [INFO] [task_scheduler.cc:199] Sending 64 sample(s) to builder
2025-05-29 13:59:00 [INFO] [task_scheduler.cc:201] Sending 64 sample(s) to runner
2025-05-29 13:59:18 [DEBUG] XGB iter   0: tr-p-rmse: 0.684934	tr-a-peak@32: 0.682577	tr-rmse: 0.453679	tr-rmse: 0.453679
2025-05-29 13:59:18 [DEBUG] XGB iter  25: tr-p-rmse: 0.365504	tr-a-peak@32: 1.000000	tr-rmse: 0.446871	tr-rmse: 0.446871
2025-05-29 13:59:18 [DEBUG] XGB iter  50: tr-p-rmse: 0.365504	tr-a-peak@32: 1.000000	tr-rmse: 0.446871	tr-rmse: 0.446871
2025-05-29 13:59:18 [DEBUG] XGB stopped. Best iteration: [19] tr-p-rmse:0.36521	tr-a-peak@32:1.00000	tr-rmse:0.44694	tr-rmse:0.44694 
2025-05-29 13:59:18 [INFO] [task_scheduler.cc:245] [Updated] Task #2: "fused_conv2d_subtract_divide_expand_dims_multiply_expand_dims_add1_relu"
2025-05-29 13:59:18 [INFO] [task_scheduler.cc:328] 
 ID |                                                                                  Name |      FLOP | Weight | Speed (GFLOPS) | Latency (us) | Weighted Latency (us) | Trials | Done 
-----------------------------------------------------------------------------------------------------------------------------------------------------------------------------------------
  0 |                                                                    fused_matmul_add13 |   1025000 |      1 |       179.5441 |       5.7089 |                5.7089 |     64 |      
  1 |                                                                               reshape |         1 |      1 |         0.0007 |       1.4224 |                1.4224 |      5 |      
  2 |               fused_conv2d_subtract_divide_expand_dims_multiply_expand_dims_add1_relu | 240041984 |      1 |      2875.9721 |      83.4646 |               83.4646 |     64 |      
  3 |                                                                   adaptive_avg_pool2d |     25600 |      1 |            N/A |          N/A |                   N/A |      0 |      
  4 |       fused_conv2d8_subtract4_divide4_expand_dims3_multiply4_expand_dims3_add11_relu4 | 115730944 |      1 |            N/A |          N/A |                   N/A |      0 |      
  5 | fused_conv2d9_subtract4_divide4_expand_dims3_multiply4_expand_dims3_add11_add12_relu4 | 231361536 |      2 |            N/A |          N/A |                   N/A |      0 |      
  6 |                                                                            max_pool2d |   1806336 |      1 |            N/A |          N/A |                   N/A |      0 |      
  7 |   fused_conv2d3_subtract2_divide2_expand_dims1_multiply2_expand_dims1_add5_add6_relu2 | 231813120 |      2 |            N/A |          N/A |                   N/A |      0 |      
  8 |            fused_conv2d10_subtract4_divide4_expand_dims3_multiply4_expand_dims3_add11 |  12945408 |      1 |            N/A |          N/A |                   N/A |      0 |      
  9 |   fused_conv2d6_subtract3_divide3_expand_dims2_multiply3_expand_dims2_add8_add9_relu3 | 231512064 |      2 |            N/A |          N/A |                   N/A |      0 |      
 10 |                                                                             transpose |         1 |      1 |            N/A |          N/A |                   N/A |      0 |      
 11 |          fused_conv2d1_subtract1_divide1_expand_dims_multiply1_expand_dims_add2_relu1 | 232214528 |      2 |            N/A |          N/A |                   N/A |      0 |      
 12 |     fused_conv2d1_subtract1_divide1_expand_dims_multiply1_expand_dims_add2_add3_relu1 | 232415232 |      2 |            N/A |          N/A |                   N/A |      0 |      
 13 |              fused_conv2d7_subtract3_divide3_expand_dims2_multiply3_expand_dims2_add8 |  13045760 |      1 |            N/A |          N/A |                   N/A |      0 |      
 14 |        fused_conv2d2_subtract2_divide2_expand_dims1_multiply2_expand_dims1_add5_relu2 | 116107264 |      1 |            N/A |          N/A |                   N/A |      0 |      
 15 |              fused_conv2d4_subtract2_divide2_expand_dims1_multiply2_expand_dims1_add5 |  13246464 |      1 |            N/A |          N/A |                   N/A |      0 |      
 16 |        fused_conv2d3_subtract2_divide2_expand_dims1_multiply2_expand_dims1_add5_relu2 | 231712768 |      1 |            N/A |          N/A |                   N/A |      0 |      
 17 |       fused_conv2d9_subtract4_divide4_expand_dims3_multiply4_expand_dims3_add11_relu4 | 231336448 |      1 |            N/A |          N/A |                   N/A |      0 |      
 18 |        fused_conv2d5_subtract3_divide3_expand_dims2_multiply3_expand_dims2_add8_relu3 | 115856384 |      1 |            N/A |          N/A |                   N/A |      0 |      
 19 |        fused_conv2d6_subtract3_divide3_expand_dims2_multiply3_expand_dims2_add8_relu3 | 231461888 |      1 |            N/A |          N/A |                   N/A |      0 |      
-----------------------------------------------------------------------------------------------------------------------------------------------------------------------------------------
Total trials: 133
Total latency (us): 90.596

2025-05-29 13:59:18 [INFO] [task_scheduler.cc:186] TaskScheduler picks Task #3: "adaptive_avg_pool2d"
2025-05-29 13:59:24 [INFO] [task_scheduler.cc:199] Sending 63 sample(s) to builder
2025-05-29 13:59:27 [INFO] [task_scheduler.cc:201] Sending 63 sample(s) to runner
2025-05-29 13:59:41 [DEBUG] XGB iter   0: tr-p-rmse: 0.804966	tr-a-peak@32: 0.718750	tr-rmse: 0.350070	tr-rmse: 0.350070
2025-05-29 13:59:41 [DEBUG] XGB iter  25: tr-p-rmse: 0.564916	tr-a-peak@32: 0.718750	tr-rmse: 0.377307	tr-rmse: 0.377307
2025-05-29 13:59:41 [DEBUG] XGB iter  50: tr-p-rmse: 0.564916	tr-a-peak@32: 0.718750	tr-rmse: 0.377307	tr-rmse: 0.377307
2025-05-29 13:59:41 [DEBUG] XGB stopped. Best iteration: [17] tr-p-rmse:0.56426	tr-a-peak@32:0.71875	tr-rmse:0.37752	tr-rmse:0.37752 
2025-05-29 13:59:41 [INFO] [task_scheduler.cc:245] [Updated] Task #3: "adaptive_avg_pool2d"
2025-05-29 13:59:41 [INFO] [task_scheduler.cc:328] 
 ID |                                                                                  Name |      FLOP | Weight | Speed (GFLOPS) | Latency (us) | Weighted Latency (us) | Trials | Done 
-----------------------------------------------------------------------------------------------------------------------------------------------------------------------------------------
  0 |                                                                    fused_matmul_add13 |   1025000 |      1 |       179.5441 |       5.7089 |                5.7089 |     64 |      
  1 |                                                                               reshape |         1 |      1 |         0.0007 |       1.4224 |                1.4224 |      5 |      
  2 |               fused_conv2d_subtract_divide_expand_dims_multiply_expand_dims_add1_relu | 240041984 |      1 |      2875.9721 |      83.4646 |               83.4646 |     64 |      
  3 |                                                                   adaptive_avg_pool2d |     25600 |      1 |        13.0960 |       1.9548 |                1.9548 |     63 |      
  4 |       fused_conv2d8_subtract4_divide4_expand_dims3_multiply4_expand_dims3_add11_relu4 | 115730944 |      1 |            N/A |          N/A |                   N/A |      0 |      
  5 | fused_conv2d9_subtract4_divide4_expand_dims3_multiply4_expand_dims3_add11_add12_relu4 | 231361536 |      2 |            N/A |          N/A |                   N/A |      0 |      
  6 |                                                                            max_pool2d |   1806336 |      1 |            N/A |          N/A |                   N/A |      0 |      
  7 |   fused_conv2d3_subtract2_divide2_expand_dims1_multiply2_expand_dims1_add5_add6_relu2 | 231813120 |      2 |            N/A |          N/A |                   N/A |      0 |      
  8 |            fused_conv2d10_subtract4_divide4_expand_dims3_multiply4_expand_dims3_add11 |  12945408 |      1 |            N/A |          N/A |                   N/A |      0 |      
  9 |   fused_conv2d6_subtract3_divide3_expand_dims2_multiply3_expand_dims2_add8_add9_relu3 | 231512064 |      2 |            N/A |          N/A |                   N/A |      0 |      
 10 |                                                                             transpose |         1 |      1 |            N/A |          N/A |                   N/A |      0 |      
 11 |          fused_conv2d1_subtract1_divide1_expand_dims_multiply1_expand_dims_add2_relu1 | 232214528 |      2 |            N/A |          N/A |                   N/A |      0 |      
 12 |     fused_conv2d1_subtract1_divide1_expand_dims_multiply1_expand_dims_add2_add3_relu1 | 232415232 |      2 |            N/A |          N/A |                   N/A |      0 |      
 13 |              fused_conv2d7_subtract3_divide3_expand_dims2_multiply3_expand_dims2_add8 |  13045760 |      1 |            N/A |          N/A |                   N/A |      0 |      
 14 |        fused_conv2d2_subtract2_divide2_expand_dims1_multiply2_expand_dims1_add5_relu2 | 116107264 |      1 |            N/A |          N/A |                   N/A |      0 |      
 15 |              fused_conv2d4_subtract2_divide2_expand_dims1_multiply2_expand_dims1_add5 |  13246464 |      1 |            N/A |          N/A |                   N/A |      0 |      
 16 |        fused_conv2d3_subtract2_divide2_expand_dims1_multiply2_expand_dims1_add5_relu2 | 231712768 |      1 |            N/A |          N/A |                   N/A |      0 |      
 17 |       fused_conv2d9_subtract4_divide4_expand_dims3_multiply4_expand_dims3_add11_relu4 | 231336448 |      1 |            N/A |          N/A |                   N/A |      0 |      
 18 |        fused_conv2d5_subtract3_divide3_expand_dims2_multiply3_expand_dims2_add8_relu3 | 115856384 |      1 |            N/A |          N/A |                   N/A |      0 |      
 19 |        fused_conv2d6_subtract3_divide3_expand_dims2_multiply3_expand_dims2_add8_relu3 | 231461888 |      1 |            N/A |          N/A |                   N/A |      0 |      
-----------------------------------------------------------------------------------------------------------------------------------------------------------------------------------------
Total trials: 196
Total latency (us): 92.5507

2025-05-29 13:59:41 [INFO] [task_scheduler.cc:186] TaskScheduler picks Task #4: "fused_conv2d8_subtract4_divide4_expand_dims3_multiply4_expand_dims3_add11_relu4"
2025-05-29 14:00:52 [INFO] [task_scheduler.cc:199] Sending 64 sample(s) to builder
2025-05-29 14:01:06 [INFO] [task_scheduler.cc:201] Sending 64 sample(s) to runner
2025-05-29 14:01:18 [DEBUG] XGB iter   0: tr-p-rmse: 0.552491	tr-a-peak@32: 0.971031	tr-rmse: 0.580406	tr-rmse: 0.580406
2025-05-29 14:01:18 [DEBUG] XGB iter  25: tr-p-rmse: 0.311367	tr-a-peak@32: 1.000000	tr-rmse: 0.579993	tr-rmse: 0.579993
2025-05-29 14:01:18 [DEBUG] XGB iter  50: tr-p-rmse: 0.311367	tr-a-peak@32: 1.000000	tr-rmse: 0.579993	tr-rmse: 0.579993
2025-05-29 14:01:18 [DEBUG] XGB stopped. Best iteration: [17] tr-p-rmse:0.31130	tr-a-peak@32:1.00000	tr-rmse:0.58002	tr-rmse:0.58002 
2025-05-29 14:01:18 [INFO] [task_scheduler.cc:245] [Updated] Task #4: "fused_conv2d8_subtract4_divide4_expand_dims3_multiply4_expand_dims3_add11_relu4"
2025-05-29 14:01:18 [INFO] [task_scheduler.cc:328] 
 ID |                                                                                  Name |      FLOP | Weight | Speed (GFLOPS) | Latency (us) | Weighted Latency (us) | Trials | Done 
-----------------------------------------------------------------------------------------------------------------------------------------------------------------------------------------
  0 |                                                                    fused_matmul_add13 |   1025000 |      1 |       179.5441 |       5.7089 |                5.7089 |     64 |      
  1 |                                                                               reshape |         1 |      1 |         0.0007 |       1.4224 |                1.4224 |      5 |      
  2 |               fused_conv2d_subtract_divide_expand_dims_multiply_expand_dims_add1_relu | 240041984 |      1 |      2875.9721 |      83.4646 |               83.4646 |     64 |      
  3 |                                                                   adaptive_avg_pool2d |     25600 |      1 |        13.0960 |       1.9548 |                1.9548 |     63 |      
  4 |       fused_conv2d8_subtract4_divide4_expand_dims3_multiply4_expand_dims3_add11_relu4 | 115730944 |      1 |      1189.8759 |      97.2630 |               97.2630 |     64 |      
  5 | fused_conv2d9_subtract4_divide4_expand_dims3_multiply4_expand_dims3_add11_add12_relu4 | 231361536 |      2 |            N/A |          N/A |                   N/A |      0 |      
  6 |                                                                            max_pool2d |   1806336 |      1 |            N/A |          N/A |                   N/A |      0 |      
  7 |   fused_conv2d3_subtract2_divide2_expand_dims1_multiply2_expand_dims1_add5_add6_relu2 | 231813120 |      2 |            N/A |          N/A |                   N/A |      0 |      
  8 |            fused_conv2d10_subtract4_divide4_expand_dims3_multiply4_expand_dims3_add11 |  12945408 |      1 |            N/A |          N/A |                   N/A |      0 |      
  9 |   fused_conv2d6_subtract3_divide3_expand_dims2_multiply3_expand_dims2_add8_add9_relu3 | 231512064 |      2 |            N/A |          N/A |                   N/A |      0 |      
 10 |                                                                             transpose |         1 |      1 |            N/A |          N/A |                   N/A |      0 |      
 11 |          fused_conv2d1_subtract1_divide1_expand_dims_multiply1_expand_dims_add2_relu1 | 232214528 |      2 |            N/A |          N/A |                   N/A |      0 |      
 12 |     fused_conv2d1_subtract1_divide1_expand_dims_multiply1_expand_dims_add2_add3_relu1 | 232415232 |      2 |            N/A |          N/A |                   N/A |      0 |      
 13 |              fused_conv2d7_subtract3_divide3_expand_dims2_multiply3_expand_dims2_add8 |  13045760 |      1 |            N/A |          N/A |                   N/A |      0 |      
 14 |        fused_conv2d2_subtract2_divide2_expand_dims1_multiply2_expand_dims1_add5_relu2 | 116107264 |      1 |            N/A |          N/A |                   N/A |      0 |      
 15 |              fused_conv2d4_subtract2_divide2_expand_dims1_multiply2_expand_dims1_add5 |  13246464 |      1 |            N/A |          N/A |                   N/A |      0 |      
 16 |        fused_conv2d3_subtract2_divide2_expand_dims1_multiply2_expand_dims1_add5_relu2 | 231712768 |      1 |            N/A |          N/A |                   N/A |      0 |      
 17 |       fused_conv2d9_subtract4_divide4_expand_dims3_multiply4_expand_dims3_add11_relu4 | 231336448 |      1 |            N/A |          N/A |                   N/A |      0 |      
 18 |        fused_conv2d5_subtract3_divide3_expand_dims2_multiply3_expand_dims2_add8_relu3 | 115856384 |      1 |            N/A |          N/A |                   N/A |      0 |      
 19 |        fused_conv2d6_subtract3_divide3_expand_dims2_multiply3_expand_dims2_add8_relu3 | 231461888 |      1 |            N/A |          N/A |                   N/A |      0 |      
-----------------------------------------------------------------------------------------------------------------------------------------------------------------------------------------
Total trials: 260
Total latency (us): 189.814

2025-05-29 14:01:18 [INFO] [task_scheduler.cc:186] TaskScheduler picks Task #5: "fused_conv2d9_subtract4_divide4_expand_dims3_multiply4_expand_dims3_add11_add12_relu4"
2025-05-29 14:02:48 [INFO] [task_scheduler.cc:199] Sending 64 sample(s) to builder
2025-05-29 14:03:00 [INFO] [task_scheduler.cc:201] Sending 64 sample(s) to runner
2025-05-29 14:03:11 [DEBUG] XGB iter   0: tr-p-rmse: 0.555431	tr-a-peak@32: 1.000000	tr-rmse: 0.599054	tr-rmse: 0.599054
2025-05-29 14:03:11 [DEBUG] XGB iter  25: tr-p-rmse: 0.320394	tr-a-peak@32: 1.000000	tr-rmse: 0.596003	tr-rmse: 0.596003
2025-05-29 14:03:11 [DEBUG] XGB iter  50: tr-p-rmse: 0.320394	tr-a-peak@32: 1.000000	tr-rmse: 0.596003	tr-rmse: 0.596003
2025-05-29 14:03:11 [DEBUG] XGB stopped. Best iteration: [16] tr-p-rmse:0.32027	tr-a-peak@32:1.00000	tr-rmse:0.59605	tr-rmse:0.59605 
2025-05-29 14:03:11 [INFO] [task_scheduler.cc:245] [Updated] Task #5: "fused_conv2d9_subtract4_divide4_expand_dims3_multiply4_expand_dims3_add11_add12_relu4"
2025-05-29 14:03:11 [INFO] [task_scheduler.cc:328] 
 ID |                                                                                  Name |      FLOP | Weight | Speed (GFLOPS) | Latency (us) | Weighted Latency (us) | Trials | Done 
-----------------------------------------------------------------------------------------------------------------------------------------------------------------------------------------
  0 |                                                                    fused_matmul_add13 |   1025000 |      1 |       179.5441 |       5.7089 |                5.7089 |     64 |      
  1 |                                                                               reshape |         1 |      1 |         0.0007 |       1.4224 |                1.4224 |      5 |      
  2 |               fused_conv2d_subtract_divide_expand_dims_multiply_expand_dims_add1_relu | 240041984 |      1 |      2875.9721 |      83.4646 |               83.4646 |     64 |      
  3 |                                                                   adaptive_avg_pool2d |     25600 |      1 |        13.0960 |       1.9548 |                1.9548 |     63 |      
  4 |       fused_conv2d8_subtract4_divide4_expand_dims3_multiply4_expand_dims3_add11_relu4 | 115730944 |      1 |      1189.8759 |      97.2630 |               97.2630 |     64 |      
  5 | fused_conv2d9_subtract4_divide4_expand_dims3_multiply4_expand_dims3_add11_add12_relu4 | 231361536 |      2 |      2051.3922 |     112.7827 |              225.5654 |     64 |      
  6 |                                                                            max_pool2d |   1806336 |      1 |            N/A |          N/A |                   N/A |      0 |      
  7 |   fused_conv2d3_subtract2_divide2_expand_dims1_multiply2_expand_dims1_add5_add6_relu2 | 231813120 |      2 |            N/A |          N/A |                   N/A |      0 |      
  8 |            fused_conv2d10_subtract4_divide4_expand_dims3_multiply4_expand_dims3_add11 |  12945408 |      1 |            N/A |          N/A |                   N/A |      0 |      
  9 |   fused_conv2d6_subtract3_divide3_expand_dims2_multiply3_expand_dims2_add8_add9_relu3 | 231512064 |      2 |            N/A |          N/A |                   N/A |      0 |      
 10 |                                                                             transpose |         1 |      1 |            N/A |          N/A |                   N/A |      0 |      
 11 |          fused_conv2d1_subtract1_divide1_expand_dims_multiply1_expand_dims_add2_relu1 | 232214528 |      2 |            N/A |          N/A |                   N/A |      0 |      
 12 |     fused_conv2d1_subtract1_divide1_expand_dims_multiply1_expand_dims_add2_add3_relu1 | 232415232 |      2 |            N/A |          N/A |                   N/A |      0 |      
 13 |              fused_conv2d7_subtract3_divide3_expand_dims2_multiply3_expand_dims2_add8 |  13045760 |      1 |            N/A |          N/A |                   N/A |      0 |      
 14 |        fused_conv2d2_subtract2_divide2_expand_dims1_multiply2_expand_dims1_add5_relu2 | 116107264 |      1 |            N/A |          N/A |                   N/A |      0 |      
 15 |              fused_conv2d4_subtract2_divide2_expand_dims1_multiply2_expand_dims1_add5 |  13246464 |      1 |            N/A |          N/A |                   N/A |      0 |      
 16 |        fused_conv2d3_subtract2_divide2_expand_dims1_multiply2_expand_dims1_add5_relu2 | 231712768 |      1 |            N/A |          N/A |                   N/A |      0 |      
 17 |       fused_conv2d9_subtract4_divide4_expand_dims3_multiply4_expand_dims3_add11_relu4 | 231336448 |      1 |            N/A |          N/A |                   N/A |      0 |      
 18 |        fused_conv2d5_subtract3_divide3_expand_dims2_multiply3_expand_dims2_add8_relu3 | 115856384 |      1 |            N/A |          N/A |                   N/A |      0 |      
 19 |        fused_conv2d6_subtract3_divide3_expand_dims2_multiply3_expand_dims2_add8_relu3 | 231461888 |      1 |            N/A |          N/A |                   N/A |      0 |      
-----------------------------------------------------------------------------------------------------------------------------------------------------------------------------------------
Total trials: 324
Total latency (us): 415.379

2025-05-29 14:03:11 [INFO] [task_scheduler.cc:186] TaskScheduler picks Task #6: "max_pool2d"
2025-05-29 14:03:36 [INFO] [task_scheduler.cc:199] Sending 63 sample(s) to builder
2025-05-29 14:03:39 [INFO] [task_scheduler.cc:201] Sending 63 sample(s) to runner
2025-05-29 14:03:51 [INFO] [task_scheduler.cc:245] [Updated] Task #6: "max_pool2d"
2025-05-29 14:03:51 [INFO] [task_scheduler.cc:328] 
 ID |                                                                                  Name |      FLOP | Weight | Speed (GFLOPS) | Latency (us) | Weighted Latency (us) | Trials | Done 
-----------------------------------------------------------------------------------------------------------------------------------------------------------------------------------------
  0 |                                                                    fused_matmul_add13 |   1025000 |      1 |       179.5441 |       5.7089 |                5.7089 |     64 |      
  1 |                                                                               reshape |         1 |      1 |         0.0007 |       1.4224 |                1.4224 |      5 |      
  2 |               fused_conv2d_subtract_divide_expand_dims_multiply_expand_dims_add1_relu | 240041984 |      1 |      2875.9721 |      83.4646 |               83.4646 |     64 |      
  3 |                                                                   adaptive_avg_pool2d |     25600 |      1 |        13.0960 |       1.9548 |                1.9548 |     63 |      
  4 |       fused_conv2d8_subtract4_divide4_expand_dims3_multiply4_expand_dims3_add11_relu4 | 115730944 |      1 |      1189.8759 |      97.2630 |               97.2630 |     64 |      
  5 | fused_conv2d9_subtract4_divide4_expand_dims3_multiply4_expand_dims3_add11_add12_relu4 | 231361536 |      2 |      2051.3922 |     112.7827 |              225.5654 |     64 |      
  6 |                                                                            max_pool2d |   1806336 |      1 |       442.6868 |       4.0804 |                4.0804 |     63 |      
  7 |   fused_conv2d3_subtract2_divide2_expand_dims1_multiply2_expand_dims1_add5_add6_relu2 | 231813120 |      2 |            N/A |          N/A |                   N/A |      0 |      
  8 |            fused_conv2d10_subtract4_divide4_expand_dims3_multiply4_expand_dims3_add11 |  12945408 |      1 |            N/A |          N/A |                   N/A |      0 |      
  9 |   fused_conv2d6_subtract3_divide3_expand_dims2_multiply3_expand_dims2_add8_add9_relu3 | 231512064 |      2 |            N/A |          N/A |                   N/A |      0 |      
 10 |                                                                             transpose |         1 |      1 |            N/A |          N/A |                   N/A |      0 |      
 11 |          fused_conv2d1_subtract1_divide1_expand_dims_multiply1_expand_dims_add2_relu1 | 232214528 |      2 |            N/A |          N/A |                   N/A |      0 |      
 12 |     fused_conv2d1_subtract1_divide1_expand_dims_multiply1_expand_dims_add2_add3_relu1 | 232415232 |      2 |            N/A |          N/A |                   N/A |      0 |      
 13 |              fused_conv2d7_subtract3_divide3_expand_dims2_multiply3_expand_dims2_add8 |  13045760 |      1 |            N/A |          N/A |                   N/A |      0 |      
 14 |        fused_conv2d2_subtract2_divide2_expand_dims1_multiply2_expand_dims1_add5_relu2 | 116107264 |      1 |            N/A |          N/A |                   N/A |      0 |      
 15 |              fused_conv2d4_subtract2_divide2_expand_dims1_multiply2_expand_dims1_add5 |  13246464 |      1 |            N/A |          N/A |                   N/A |      0 |      
 16 |        fused_conv2d3_subtract2_divide2_expand_dims1_multiply2_expand_dims1_add5_relu2 | 231712768 |      1 |            N/A |          N/A |                   N/A |      0 |      
 17 |       fused_conv2d9_subtract4_divide4_expand_dims3_multiply4_expand_dims3_add11_relu4 | 231336448 |      1 |            N/A |          N/A |                   N/A |      0 |      
 18 |        fused_conv2d5_subtract3_divide3_expand_dims2_multiply3_expand_dims2_add8_relu3 | 115856384 |      1 |            N/A |          N/A |                   N/A |      0 |      
 19 |        fused_conv2d6_subtract3_divide3_expand_dims2_multiply3_expand_dims2_add8_relu3 | 231461888 |      1 |            N/A |          N/A |                   N/A |      0 |      
-----------------------------------------------------------------------------------------------------------------------------------------------------------------------------------------
Total trials: 387
Total latency (us): 419.46

2025-05-29 14:03:51 [INFO] [task_scheduler.cc:186] TaskScheduler picks Task #7: "fused_conv2d3_subtract2_divide2_expand_dims1_multiply2_expand_dims1_add5_add6_relu2"
