2025-05-29 13:56:34 [INFO] [task_scheduler.cc:162] Initializing Task #1: "reshape"
2025-05-29 13:56:34 [INFO] [task_scheduler.cc:35] 
# from tvm.script import ir as I
# from tvm.script import tir as T

@I.ir_module
class Module:
    @T.prim_func
    def main(lv86: T.Buffer((T.int64(1), T.int64(512), T.int64(1), T.int64(1)), "float32"), T_reshape: T.Buffer((T.int64(1), T.int64(512)), "float32")):
        T.func_attr({"op_pattern": 2, "tir.noalias": T.bool(True)})
        # with T.block("root"):
        for ax0, ax1 in T.grid(T.int64(1), T.int64(512)):
            with T.block("T_reshape"):
                v_ax0, v_ax1 = T.axis.remap("SS", [ax0, ax1])
                T.reads(lv86[T.int64(0), v_ax1 % T.int64(512), T.int64(0), T.int64(0)])
                T.writes(T_reshape[v_ax0, v_ax1])
                T_reshape[v_ax0, v_ax1] = lv86[T.int64(0), v_ax1 % T.int64(512), T.int64(0), T.int64(0)]
2025-05-29 13:56:34 [INFO] [task_scheduler.cc:166] Total 1 design space(s) generated
2025-05-29 13:56:34 [INFO] [task_scheduler.cc:173] Design space #0:
# from tvm.script import ir as I
# from tvm.script import tir as T

@I.ir_module
class Module:
    @T.prim_func
    def main(lv86: T.Buffer((T.int64(1), T.int64(512), T.int64(1), T.int64(1)), "float32"), T_reshape: T.Buffer((T.int64(1), T.int64(512)), "float32")):
        T.func_attr({"op_pattern": 2, "tir.noalias": T.bool(True)})
        # with T.block("root"):
        for ax0_ax1_fused_0 in T.thread_binding(T.int64(2), thread="blockIdx.x"):
            for ax0_ax1_fused_1 in T.thread_binding(T.int64(256), thread="threadIdx.x"):
                with T.block("T_reshape"):
                    v_ax0 = T.axis.spatial(T.int64(1), T.int64(0))
                    v_ax1 = T.axis.spatial(T.int64(512), ax0_ax1_fused_0 * T.int64(256) + ax0_ax1_fused_1)
                    T.reads(lv86[T.int64(0), v_ax1 % T.int64(512), T.int64(0), T.int64(0)])
                    T.writes(T_reshape[v_ax0, v_ax1])
                    T_reshape[v_ax0, v_ax1] = lv86[T.int64(0), v_ax1 % T.int64(512), T.int64(0), T.int64(0)]
b0 = sch.get_block(name="T_reshape", func_name="main")
l1, l2 = sch.get_loops(block=b0)
l3 = sch.fuse(l1, l2, preserve_unit_iters=True)
v4 = sch.sample_categorical(candidates=[32, 64, 128, 256, 512], probs=[0.20000000000000001, 0.20000000000000001, 0.20000000000000001, 0.20000000000000001, 0.20000000000000001], decision=3)
l5, l6 = sch.split(loop=l3, factors=[None, v4], preserve_unit_iters=True, disable_predication=False)
sch.bind(loop=l5, thread_axis="blockIdx.x")
sch.bind(loop=l6, thread_axis="threadIdx.x")
2025-05-29 13:57:17 [INFO] [evolutionary_search.cc:713] Generating candidates......
2025-05-29 13:57:17 [INFO] [evolutionary_search.cc:715] Picked top 0 candidate(s) from database
2025-05-29 13:57:17 [INFO] [evolutionary_search.cc:533] Sample-Init-Population summary:
Postproc #0 [meta_schedule.DisallowDynamicLoop(0x21b63038)]: 0 failure(s)
Postproc #1 [meta_schedule.RewriteCooperativeFetch(0x21fb5e08)]: 0 failure(s)
Postproc #2 [meta_schedule.RewriteUnboundBlock(0x21ec5ee8)]: 0 failure(s)
Postproc #3 [meta_schedule.RewriteParallelVectorizeUnroll(0x21fef418)]: 0 failure(s)
Postproc #4 [meta_schedule.RewriteReductionBlock(0x219b3a68)]: 0 failure(s)
Postproc #5 [meta_schedule.VerifyGPUCode(0x21f9c578)]: 0 failure(s)
Postproc #6 [meta_schedule.RewriteTensorize(0x21ec5dd8)]: 0 failure(s)
2025-05-29 13:57:17 [INFO] [evolutionary_search.cc:723] Sampled 512 candidate(s)
2025-05-29 13:57:18 [INFO] [evolutionary_search.cc:621] Evolve iter #0 done. Summary:
Postproc #0 [meta_schedule.DisallowDynamicLoop(0x21b63038)]: 0 failure(s)
Postproc #1 [meta_schedule.RewriteCooperativeFetch(0x21fb5e08)]: 0 failure(s)
Postproc #2 [meta_schedule.RewriteUnboundBlock(0x21ec5ee8)]: 0 failure(s)
Postproc #3 [meta_schedule.RewriteParallelVectorizeUnroll(0x21fef418)]: 0 failure(s)
Postproc #4 [meta_schedule.RewriteReductionBlock(0x219b3a68)]: 0 failure(s)
Postproc #5 [meta_schedule.VerifyGPUCode(0x21f9c578)]: 0 failure(s)
Postproc #6 [meta_schedule.RewriteTensorize(0x21ec5dd8)]: 0 failure(s)
2025-05-29 13:57:18 [INFO] [evolutionary_search.cc:621] Evolve iter #1 done. Summary:
Postproc #0 [meta_schedule.DisallowDynamicLoop(0x21b63038)]: 0 failure(s)
Postproc #1 [meta_schedule.RewriteCooperativeFetch(0x21fb5e08)]: 0 failure(s)
Postproc #2 [meta_schedule.RewriteUnboundBlock(0x21ec5ee8)]: 0 failure(s)
Postproc #3 [meta_schedule.RewriteParallelVectorizeUnroll(0x21fef418)]: 0 failure(s)
Postproc #4 [meta_schedule.RewriteReductionBlock(0x219b3a68)]: 0 failure(s)
Postproc #5 [meta_schedule.VerifyGPUCode(0x21f9c578)]: 0 failure(s)
Postproc #6 [meta_schedule.RewriteTensorize(0x21ec5dd8)]: 0 failure(s)
2025-05-29 13:57:18 [INFO] [evolutionary_search.cc:621] Evolve iter #2 done. Summary:
Postproc #0 [meta_schedule.DisallowDynamicLoop(0x21b63038)]: 0 failure(s)
Postproc #1 [meta_schedule.RewriteCooperativeFetch(0x21fb5e08)]: 0 failure(s)
Postproc #2 [meta_schedule.RewriteUnboundBlock(0x21ec5ee8)]: 0 failure(s)
Postproc #3 [meta_schedule.RewriteParallelVectorizeUnroll(0x21fef418)]: 0 failure(s)
Postproc #4 [meta_schedule.RewriteReductionBlock(0x219b3a68)]: 0 failure(s)
Postproc #5 [meta_schedule.VerifyGPUCode(0x21f9c578)]: 0 failure(s)
Postproc #6 [meta_schedule.RewriteTensorize(0x21ec5dd8)]: 0 failure(s)
2025-05-29 13:57:18 [INFO] [evolutionary_search.cc:621] Evolve iter #3 done. Summary:
Postproc #0 [meta_schedule.DisallowDynamicLoop(0x21b63038)]: 0 failure(s)
Postproc #1 [meta_schedule.RewriteCooperativeFetch(0x21fb5e08)]: 0 failure(s)
Postproc #2 [meta_schedule.RewriteUnboundBlock(0x21ec5ee8)]: 0 failure(s)
Postproc #3 [meta_schedule.RewriteParallelVectorizeUnroll(0x21fef418)]: 0 failure(s)
Postproc #4 [meta_schedule.RewriteReductionBlock(0x219b3a68)]: 0 failure(s)
Postproc #5 [meta_schedule.VerifyGPUCode(0x21f9c578)]: 0 failure(s)
Postproc #6 [meta_schedule.RewriteTensorize(0x21ec5dd8)]: 0 failure(s)
2025-05-29 13:57:18 [INFO] [evolutionary_search.cc:649] Scores of the best 5 candidates:
[1 : 5]:	0.8984  0.6898  0.5054  0.3246  0.3177
2025-05-29 13:57:18 [INFO] [evolutionary_search.cc:727] Got 5 candidate(s) with evolutionary search
2025-05-29 13:57:18 [INFO] [evolutionary_search.cc:730] Sending 5 candidates(s) for measurement
2025-05-29 13:57:20 [INFO] [task_scheduler.cc:131] [Task #1: reshape] Trial #1: GFLOPs: 0.0006. Time: 1.5683 us. Best GFLOPs: 0.0006
2025-05-29 13:57:20 [INFO] [task_scheduler.cc:131] [Task #1: reshape] Trial #2: GFLOPs: 0.0007. Time: 1.4419 us. Best GFLOPs: 0.0007
2025-05-29 13:57:20 [INFO] [task_scheduler.cc:131] [Task #1: reshape] Trial #3: GFLOPs: 0.0007. Time: 1.4418 us. Best GFLOPs: 0.0007
2025-05-29 13:57:20 [INFO] [task_scheduler.cc:131] [Task #1: reshape] Trial #4: GFLOPs: 0.0007. Time: 1.4224 us. Best GFLOPs: 0.0007
2025-05-29 13:57:20 [INFO] [task_scheduler.cc:131] [Task #1: reshape] Trial #5: GFLOPs: 0.0007. Time: 1.4981 us. Best GFLOPs: 0.0007
